info it worked if it ends with ok
verbose cli [ 'node',
verbose cli   '/Users/ecto/local/node/bin/npm',
verbose cli   'publish',
verbose cli   '--force' ]
info using npm@1.0.18
info using node@v0.4.11-pre
verbose config file /Users/ecto/.npmrc
verbose config file /Users/ecto/local/node/etc/npmrc
verbose publish [ '.' ]
ERR! Could not install: .
ERR! Failed to parse json
ERR! Unexpected string
ERR! File: package.json
ERR! JSON.parse Failed to parse package.json data.
ERR! JSON.parse package.json must be actual JSON, not just JavaScript.
ERR! JSON.parse This is not a bug in npm.
ERR! JSON.parse Tell the package author to fix their package.json file.
ERR! 
ERR! System Darwin 11.2.0
ERR! command "node" "/Users/ecto/local/node/bin/npm" "publish" "--force"
ERR! cwd /Users/ecto/personal/zalgo
ERR! node -v v0.4.11-pre
ERR! npm -v 1.0.18
verbose exit [ 1, true ]
